Base path: 'C:/Program Files/Unity/Editor/2020.1.15f1/Editor/Data', plugins path 'C:/Program Files/Unity/Editor/2020.1.15f1/Editor/Data/PlaybackEngines'
Cmd: initializeCompiler
Cmd: compileSnippet
  api=4 type=0 insize=1148 outsize=690 kw= pd=UNITY_ENABLE_REFLECTION_BUFFERS UNITY_USE_DITHER_MASK_FOR_ALPHABLENDED_SHADOWS UNITY_PBS_USE_BRDF1 UNITY_SPECCUBE_BOX_PROJECTION UNITY_SPECCUBE_BLENDING UNITY_ENABLE_DETAIL_NORMALMAP SHADER_API_DESKTOP UNITY_LIGHT_PROBE_PROXY_VOLUME UNITY_LIGHTMAP_FULL_HDR dkw=_ALPHATEST_ON _SMOOTHNESS_TEXTURE_ALBEDO_CHANNEL_A INSTANCING_ON UNITY_NO_DXT5nm UNITY_ENABLE_NATIVE_SHADOW_LOOKUPS UNITY_METAL_SHADOWS_USE_POINT_FILTERING UNITY_NO_SCREENSPACE_SHADOWS UNITY_PBS_USE_BRDF2 UNITY_PBS_USE_BRDF3 UNITY_NO_FULL_STANDARD_SHADER UNITY_HARDWARE_TIER1 UNITY_HARDWARE_TIER2 UNITY_HARDWARE_TIER3 UNITY_COLORSPACE_GAMMA UNITY_HALF_PRECISION_FRAGMENT_SHADER_REGISTERS UNITY_LIGHTMAP_DLDR_ENCODING UNITY_LIGHTMAP_RGBM_ENCODING UNITY_VIRTUAL_TEXTURING ok=1
Cmd: compileComputeKernel
  api=4 insize=12109 outsize=2222 ok=1
Cmd: compileComputeKernel
  api=4 insize=72903 outsize=2760 ok=1
Cmd: compileComputeKernel
  api=4 insize=11985 outsize=1499 ok=1
Cmd: compileComputeKernel
  api=4 insize=11985 outsize=1469 ok=1
Cmd: compileComputeKernel
  api=4 insize=34089 outsize=1391 ok=1
Cmd: compileComputeKernel
  api=4 insize=34089 outsize=1300 ok=1
Cmd: compileComputeKernel
  api=4 insize=34089 outsize=1524 ok=1
Cmd: compileComputeKernel
  api=4 insize=34089 outsize=720 ok=1
Cmd: compileComputeKernel
  api=4 insize=34089 outsize=781 ok=1
Cmd: compileComputeKernel
  api=4 insize=34089 outsize=773 ok=1
Cmd: compileComputeKernel
  api=4 insize=66874 outsize=1684 ok=1
Cmd: compileComputeKernel
  api=4 insize=66874 outsize=1330 ok=1
Cmd: compileComputeKernel
  api=4 insize=66874 outsize=1855 ok=1
Cmd: compileComputeKernel
  api=4 insize=66874 outsize=1315 ok=1
Cmd: compileComputeKernel
  api=4 insize=66874 outsize=1289 ok=1
Cmd: compileComputeKernel
  api=4 insize=66874 outsize=2045 ok=1
Cmd: compileComputeKernel
  api=4 insize=66874 outsize=10971 ok=1
Cmd: compileComputeKernel
  api=4 insize=79248 outsize=12424 ok=1
